<?xml version="1.0" encoding="UTF-8"?>
<!-- Generated by org.testng.reporters.JUnitReportReporter -->
<testsuite hostname="HP" failures="0" tests="1" name="TestPackage.TestClass" time="16.707" errors="0" timestamp="2022-08-05T12:50:45 IST" skipped="0">
  <testcase classname="TestPackage.TestClass" name="demo" time="16.707"/>
  <system-out/>
</testsuite> <!-- TestPackage.TestClass -->
