<?xml version="1.0" encoding="UTF-8"?>
<!-- Generated by org.testng.reporters.JUnitReportReporter -->
<testsuite hostname="HP" failures="0" tests="1" name="TestPackage.TestClass" time="0.029" errors="0" timestamp="2022-08-11T09:31:50 IST" skipped="0">
  <testcase classname="TestPackage.TestClass" name="remoteDriver" time="0.029"/>
  <system-out/>
</testsuite> <!-- TestPackage.TestClass -->
